情報: Serverのバージョン名:     Apache Tomcat/8.5.58 [日 3 21 18:47:03 JST 2021]
情報: Server ビルド:            Sep 10 2020 21:45:33 UTC [日 3 21 18:47:03 JST 2021]
情報: サーバーのバージョン番号: 8.5.58.0 [日 3 21 18:47:03 JST 2021]
情報: OS 名:                    Mac OS X [日 3 21 18:47:03 JST 2021]
情報: OS バージョン:            10.16 [日 3 21 18:47:03 JST 2021]
情報: アーキテクチャ:           x86_64 [日 3 21 18:47:03 JST 2021]
情報: Java Home:                /Applications/Eclipse_2020-09.app/Contents/java/8/Home/jre [日 3 21 18:47:03 JST 2021]
情報: JVM バージョン:           1.8.0_202-b08 [日 3 21 18:47:03 JST 2021]
情報: JVM ベンダ:               Oracle Corporation [日 3 21 18:47:03 JST 2021]
情報: CATALINA_BASE:            /Users/aokitakuma/Desktop/curriculum/.metadata/.plugins/org.eclipse.wst.server.core/tmp0 [日 3 21 18:47:03 JST 2021]
情報: CATALINA_HOME:            /Applications/Eclipse_2020-09.app/Contents/tomcat/8 [日 3 21 18:47:03 JST 2021]
情報: コマンドライン引数:       -Djava.ext.dirs=/Applications/Eclipse_2020-09.app/Contents/java/8/Home/jre/lib/ext [日 3 21 18:47:03 JST 2021]
情報: コマンドライン引数:       -Dcatalina.base=/Users/aokitakuma/Desktop/curriculum/.metadata/.plugins/org.eclipse.wst.server.core/tmp0 [日 3 21 18:47:03 JST 2021]
情報: コマンドライン引数:       -Dcatalina.home=/Applications/Eclipse_2020-09.app/Contents/tomcat/8 [日 3 21 18:47:03 JST 2021]
情報: コマンドライン引数:       -Dwtp.deploy=/Users/aokitakuma/Desktop/curriculum/.metadata/.plugins/org.eclipse.wst.server.core/tmp0/wtpwebapps [日 3 21 18:47:03 JST 2021]
情報: コマンドライン引数:       -Djava.endorsed.dirs=/Applications/Eclipse_2020-09.app/Contents/tomcat/8/endorsed [日 3 21 18:47:03 JST 2021]
情報: コマンドライン引数:       -Dfile.encoding=UTF-8 [日 3 21 18:47:03 JST 2021]
情報: 商用環境に最適な性能を発揮する APR ベースの Tomcat ネイティブライブラリが java.library.path [/Users/aokitakuma/Library/Java/Extensions:/Library/Java/Extensions:/Network/Library/Java/Extensions:/System/Library/Java/Extensions:/usr/lib/java:.] に存在しません。 [日 3 21 18:47:03 JST 2021]
情報: プロトコルハンドラ ["http-nio-8080"] を初期化します。 [日 3 21 18:47:04 JST 2021]
情報: Using a shared selector for servlet write/read [日 3 21 18:47:04 JST 2021]
情報: Initialization processed in 529 ms [日 3 21 18:47:04 JST 2021]
情報: サービス [Catalina] を起動します [日 3 21 18:47:04 JST 2021]
情報: Starting Servlet Engine: Apache Tomcat/8.5.58 [日 3 21 18:47:04 JST 2021]
情報: 少なくとも1つのJARが、まだTLDを含んでいないTLDについてスキャンされました。 スキャンしたが、そこにTLDが見つからなかったJARの完全なリストについては、このロガーのデバッグログを有効にしてください。 スキャン中に不要なJARをスキップすると、起動時間とJSPのコンパイル時間が改善されます。 [日 3 21 18:47:04 JST 2021]
情報: プロトコルハンドラー ["http-nio-8080"] を開始しました。 [日 3 21 18:47:04 JST 2021]
情報: Server startup in 391 ms [日 3 21 18:47:04 JST 2021]
